<?xml version="1.0" encoding="UTF-8" ?>
<testsuite tests="21" failures="0" name="es.udc.pojo.minibank.test.model.accountservice.AccountServiceTest" time="3.917" errors="0" skipped="0">
  <properties>
[...]
</properties>
  <testcase classname="es.udc.pojo.minibank.test.model.accountservice.AccountServiceTest" name="testFindAccountsByUserIdWithoutAccounts" time="2.718"/>
  <testcase classname="es.udc.pojo.minibank.test.model.accountservice.AccountServiceTest" name="testFindAccountOperationsByDate2" time="0.313"/>
  <testcase classname="es.udc.pojo.minibank.test.model.accountservice.AccountServiceTest" name="testFindNonExistentAccount" time="0.008"/>
  <testcase classname="es.udc.pojo.minibank.test.model.accountservice.AccountServiceTest" name="testAddToAccount" time="0.104"/>
  <testcase classname="es.udc.pojo.minibank.test.model.accountservice.AccountServiceTest" name="testTransferToNonExistentAccount" time="0.042"/>
  <testcase classname="es.udc.pojo.minibank.test.model.accountservice.AccountServiceTest" name="testGetNumberOfAccountOperationsFromNonExistentAccount" time="0.016"/>
  <testcase classname="es.udc.pojo.minibank.test.model.accountservice.AccountServiceTest" name="testAddToNonExistentAccount" time="0.007"/>
  <testcase classname="es.udc.pojo.minibank.test.model.accountservice.AccountServiceTest" name="testTransferFromNonExistentAccount" time="0.036"/>
  <testcase classname="es.udc.pojo.minibank.test.model.accountservice.AccountServiceTest" name="testCreateAccountAndFindAccount" time="0.043"/>
  <testcase classname="es.udc.pojo.minibank.test.model.accountservice.AccountServiceTest" name="testWithdrawFromAccount" time="0.044"/>
  <testcase classname="es.udc.pojo.minibank.test.model.accountservice.AccountServiceTest" name="testTransferWithInsufficientBalance" time="0.067"/>
  <testcase classname="es.udc.pojo.minibank.test.model.accountservice.AccountServiceTest" name="testRemoveNonExistentAccount" time="0.008"/>
  <testcase classname="es.udc.pojo.minibank.test.model.accountservice.AccountServiceTest" name="testWithdrawWithInsufficientBalance" time="0.054"/>
  <testcase classname="es.udc.pojo.minibank.test.model.accountservice.AccountServiceTest" name="testFindAccountsByUserId" time="0.079"/>
  <testcase classname="es.udc.pojo.minibank.test.model.accountservice.AccountServiceTest" name="testGetNumberOfAccountOperationsWithoutOperations" time="0.052"/>
  <testcase classname="es.udc.pojo.minibank.test.model.accountservice.AccountServiceTest" name="testFindAccountOperationsByDateWithoutOperations" time="0.046"/>
  <testcase classname="es.udc.pojo.minibank.test.model.accountservice.AccountServiceTest" name="testGetNumberOfAccountOperations" time="0.088"/>
  <testcase classname="es.udc.pojo.minibank.test.model.accountservice.AccountServiceTest" name="testFindAccountOperationsFromNonExistentAccount" time="0"/>
  <testcase classname="es.udc.pojo.minibank.test.model.accountservice.AccountServiceTest" name="testWithdrawFromNonExistentAccount" time="0.002"/>
  <testcase classname="es.udc.pojo.minibank.test.model.accountservice.AccountServiceTest" name="testRemoveAccount" time="0.105"/>
  <testcase classname="es.udc.pojo.minibank.test.model.accountservice.AccountServiceTest" name="testTransfer" time="0.085"/>
</testsuite>