<?xml version="1.0" encoding="UTF-8" ?>
<testsuite tests="24" failures="0" name="es.udc.pa.p007.apuestasapp.test.model.apuestasService.ApuestasServiceTest" time="4.546" errors="0" skipped="0">
  <properties>
[...]
</properties>
  <testcase classname="es.udc.pa.p007.apuestasapp.test.model.apuestasService.ApuestasServiceTest" name="testfindApuestasByUserIdWithoutApuestas" time="3.036"/>
  <testcase classname="es.udc.pa.p007.apuestasapp.test.model.apuestasService.ApuestasServiceTest" name="testFindNonExistentOpcionApuesta" time="0.022"/>
  <testcase classname="es.udc.pa.p007.apuestasapp.test.model.apuestasService.ApuestasServiceTest" name="testFindNonExistentApuesta" time="0.015"/>
  <testcase classname="es.udc.pa.p007.apuestasapp.test.model.apuestasService.ApuestasServiceTest" name="testFindApuestasByUserId" time="0.311"/>
  <testcase classname="es.udc.pa.p007.apuestasapp.test.model.apuestasService.ApuestasServiceTest" name="testGetCategorias" time="0.114"/>
  <testcase classname="es.udc.pa.p007.apuestasapp.test.model.apuestasService.ApuestasServiceTest" name="testFindNonExistentTipoApuesta" time="0.011"/>
  <testcase classname="es.udc.pa.p007.apuestasapp.test.model.apuestasService.ApuestasServiceTest" name="testFindEventos" time="0.099"/>
  <testcase classname="es.udc.pa.p007.apuestasapp.test.model.apuestasService.ApuestasServiceTest" name="testCreateApuestaWithNonExistentUser" time="0.122"/>
  <testcase classname="es.udc.pa.p007.apuestasapp.test.model.apuestasService.ApuestasServiceTest" name="testGetTiposApuesta" time="0.104"/>
  <testcase classname="es.udc.pa.p007.apuestasapp.test.model.apuestasService.ApuestasServiceTest" name="testCreateTipoApuestaWithStartedEvent" time="0.109"/>
  <testcase classname="es.udc.pa.p007.apuestasapp.test.model.apuestasService.ApuestasServiceTest" name="testFindEventosWithNonExistentCategoria" time="0.02"/>
  <testcase classname="es.udc.pa.p007.apuestasapp.test.model.apuestasService.ApuestasServiceTest" name="testFindNonExistentCategoria" time="0.024"/>
  <testcase classname="es.udc.pa.p007.apuestasapp.test.model.apuestasService.ApuestasServiceTest" name="testIsOpcionesApuestaValidatedWithNonExistentTipoApuesta" time="0.014"/>
  <testcase classname="es.udc.pa.p007.apuestasapp.test.model.apuestasService.ApuestasServiceTest" name="testCreateEventoWithNonExistentCategoria" time="0.014"/>
  <testcase classname="es.udc.pa.p007.apuestasapp.test.model.apuestasService.ApuestasServiceTest" name="testFindNonExistentEvento" time="0.006"/>
  <testcase classname="es.udc.pa.p007.apuestasapp.test.model.apuestasService.ApuestasServiceTest" name="testMarcarOpcionesGanadoras" time="0.13"/>
  <testcase classname="es.udc.pa.p007.apuestasapp.test.model.apuestasService.ApuestasServiceTest" name="testIsOpcionesApuestaValidated" time="0.083"/>
  <testcase classname="es.udc.pa.p007.apuestasapp.test.model.apuestasService.ApuestasServiceTest" name="testCreateEventoBefore" time="0.048"/>
  <testcase classname="es.udc.pa.p007.apuestasapp.test.model.apuestasService.ApuestasServiceTest" name="testCreateEventoAndFindEvento" time="0.043"/>
  <testcase classname="es.udc.pa.p007.apuestasapp.test.model.apuestasService.ApuestasServiceTest" name="testCreateApuestaWithNonExistentOpcion" time="0.111"/>
  <testcase classname="es.udc.pa.p007.apuestasapp.test.model.apuestasService.ApuestasServiceTest" name="testCreateTipoApuestaWithoutEvent" time="0.013"/>
  <testcase classname="es.udc.pa.p007.apuestasapp.test.model.apuestasService.ApuestasServiceTest" name="testCreateApuestaAndFindApuesta" time="0.038"/>
  <testcase classname="es.udc.pa.p007.apuestasapp.test.model.apuestasService.ApuestasServiceTest" name="testGetTiposApuestaWithNonExistentEvento" time="0.006"/>
  <testcase classname="es.udc.pa.p007.apuestasapp.test.model.apuestasService.ApuestasServiceTest" name="testCreateTipoApuesta" time="0.053"/>
</testsuite>